<?xml version="1.0" encoding="UTF-8"?>
<testng-results skipped="0" failed="0" total="1" passed="1">
  <reporter-output>
  </reporter-output>
  <suite name="Suite" duration-ms="12481" started-at="2015-09-03T08:34:11Z" finished-at="2015-09-03T08:34:24Z">
    <groups>
    </groups>
    <test name="Test" duration-ms="12481" started-at="2015-09-03T08:34:11Z" finished-at="2015-09-03T08:34:24Z">
      <class name="UAT.Source_Activity_Filter">
        <test-method status="PASS" signature="beforeTest()[pri:0, instance:UAT.Source_Activity_Filter@36263003]" name="beforeTest" is-config="true" duration-ms="7489" started-at="2015-09-03T09:34:11Z" finished-at="2015-09-03T09:34:19Z">
          <reporter-output>
          </reporter-output>
        </test-method> <!-- beforeTest -->
        <test-method status="PASS" signature="main()[pri:0, instance:UAT.Source_Activity_Filter@36263003]" name="main" duration-ms="4695" started-at="2015-09-03T09:34:19Z" finished-at="2015-09-03T09:34:23Z">
          <reporter-output>
          </reporter-output>
        </test-method> <!-- main -->
        <test-method status="PASS" signature="afterTest()[pri:0, instance:UAT.Source_Activity_Filter@36263003]" name="afterTest" is-config="true" duration-ms="281" started-at="2015-09-03T09:34:23Z" finished-at="2015-09-03T09:34:24Z">
          <reporter-output>
          </reporter-output>
        </test-method> <!-- afterTest -->
      </class> <!-- UAT.Source_Activity_Filter -->
    </test> <!-- Test -->
  </suite> <!-- Suite -->
</testng-results>
