<?xml version="1.0" encoding="UTF-8"?>
<testng-results skipped="0" failed="0" total="1" passed="1">
  <reporter-output>
  </reporter-output>
  <suite name="Default suite" duration-ms="318313" started-at="2015-11-30T10:57:18Z" finished-at="2015-11-30T11:02:36Z">
    <groups>
    </groups>
    <test name="Default test" duration-ms="318313" started-at="2015-11-30T10:57:18Z" finished-at="2015-11-30T11:02:36Z">
      <class name="UAT.DeleteDocAndArchive">
        <test-method status="PASS" signature="beforeClass()[pri:0, instance:UAT.DeleteDocAndArchive@63292d35]" name="beforeClass" is-config="true" duration-ms="7675" started-at="2015-11-30T10:57:18Z" finished-at="2015-11-30T10:57:25Z">
          <reporter-output>
          </reporter-output>
        </test-method> <!-- beforeClass -->
        <test-method status="PASS" signature="main()[pri:0, instance:UAT.DeleteDocAndArchive@63292d35]" name="main" duration-ms="310291" started-at="2015-11-30T10:57:25Z" finished-at="2015-11-30T11:02:35Z">
          <reporter-output>
          </reporter-output>
        </test-method> <!-- main -->
        <test-method status="PASS" signature="afterClass()[pri:0, instance:UAT.DeleteDocAndArchive@63292d35]" name="afterClass" is-config="true" duration-ms="345" started-at="2015-11-30T11:02:35Z" finished-at="2015-11-30T11:02:36Z">
          <reporter-output>
          </reporter-output>
        </test-method> <!-- afterClass -->
      </class> <!-- UAT.DeleteDocAndArchive -->
    </test> <!-- Default test -->
  </suite> <!-- Default suite -->
</testng-results>
